<?xml version="1.0" encoding="UTF-8"?>
<testsuite xmlns:xsi="http://www.w3.org/2001/XMLSchema-instance" xsi:noNamespaceSchemaLocation="https://maven.apache.org/surefire/maven-surefire-plugin/xsd/surefire-test-report-3.0.xsd" version="3.0" name="TestSuite" time="19.212" tests="3" errors="0" skipped="0" failures="0">
  <properties>
    <property name="java.specification.version" value="18"/>
    <property name="sun.cpu.isalist" value="amd64"/>
    <property name="sun.jnu.encoding" value="Cp1252"/>
    <property name="java.class.path" value="D:\study\playwrightproj1\target\test-classes;D:\study\playwrightproj1\target\classes;C:\Users\virus1\.m2\repository\jakarta\mail\jakarta.mail-api\2.1.3\jakarta.mail-api-2.1.3.jar;C:\Users\virus1\.m2\repository\jakarta\activation\jakarta.activation-api\2.1.3\jakarta.activation-api-2.1.3.jar;C:\Users\virus1\.m2\repository\com\itextpdf\itextpdf\5.5.13.4\itextpdf-5.5.13.4.jar;C:\Users\virus1\.m2\repository\com\microsoft\playwright\playwright\1.48.0\playwright-1.48.0.jar;C:\Users\virus1\.m2\repository\com\google\code\gson\gson\2.11.0\gson-2.11.0.jar;C:\Users\virus1\.m2\repository\com\google\errorprone\error_prone_annotations\2.27.0\error_prone_annotations-2.27.0.jar;C:\Users\virus1\.m2\repository\org\opentest4j\opentest4j\1.3.0\opentest4j-1.3.0.jar;C:\Users\virus1\.m2\repository\com\microsoft\playwright\driver\1.48.0\driver-1.48.0.jar;C:\Users\virus1\.m2\repository\com\microsoft\playwright\driver-bundle\1.48.0\driver-bundle-1.48.0.jar;C:\Users\virus1\.m2\repository\org\apache\logging\log4j\log4j-core\2.17.1\log4j-core-2.17.1.jar;C:\Users\virus1\.m2\repository\org\apache\logging\log4j\log4j-api\2.17.1\log4j-api-2.17.1.jar;C:\Users\virus1\.m2\repository\com\fasterxml\jackson\core\jackson-databind\2.16.1\jackson-databind-2.16.1.jar;C:\Users\virus1\.m2\repository\com\fasterxml\jackson\core\jackson-annotations\2.16.1\jackson-annotations-2.16.1.jar;C:\Users\virus1\.m2\repository\com\fasterxml\jackson\core\jackson-core\2.16.1\jackson-core-2.16.1.jar;C:\Users\virus1\.m2\repository\com\fasterxml\jackson\dataformat\jackson-dataformat-yaml\2.16.1\jackson-dataformat-yaml-2.16.1.jar;C:\Users\virus1\.m2\repository\com\fasterxml\jackson\dataformat\jackson-dataformat-csv\2.16.1\jackson-dataformat-csv-2.16.1.jar;C:\Users\virus1\.m2\repository\org\projectlombok\lombok\1.18.36\lombok-1.18.36.jar;C:\Users\virus1\.m2\repository\org\testng\testng\7.11.0\testng-7.11.0.jar;C:\Users\virus1\.m2\repository\org\slf4j\slf4j-api\2.0.16\slf4j-api-2.0.16.jar;C:\Users\virus1\.m2\repository\org\jcommander\jcommander\1.83\jcommander-1.83.jar;C:\Users\virus1\.m2\repository\org\webjars\jquery\3.7.1\jquery-3.7.1.jar;C:\Users\virus1\.m2\repository\commons-io\commons-io\2.15.1\commons-io-2.15.1.jar;C:\Users\virus1\.m2\repository\org\yaml\snakeyaml\2.2\snakeyaml-2.2.jar;C:\Users\virus1\.m2\repository\io\qameta\allure\allure-testng\2.29.1\allure-testng-2.29.1.jar;C:\Users\virus1\.m2\repository\io\qameta\allure\allure-java-commons\2.29.1\allure-java-commons-2.29.1.jar;C:\Users\virus1\.m2\repository\io\qameta\allure\allure-model\2.29.1\allure-model-2.29.1.jar;C:\Users\virus1\.m2\repository\io\qameta\allure\allure-test-filter\2.29.1\allure-test-filter-2.29.1.jar;C:\Users\virus1\.m2\repository\org\aspectj\aspectjweaver\1.9.24\aspectjweaver-1.9.24.jar;"/>
    <property name="java.vm.vendor" value="Oracle Corporation"/>
    <property name="sun.arch.data.model" value="64"/>
    <property name="user.variant" value=""/>
    <property name="java.vendor.url" value="https://java.oracle.com/"/>
    <property name="user.timezone" value="Asia/Calcutta"/>
    <property name="suiteXmlFile" value="src/test/runner/Suite1.xml"/>
    <property name="os.name" value="Windows 11"/>
    <property name="java.vm.specification.version" value="18"/>
    <property name="sun.java.launcher" value="SUN_STANDARD"/>
    <property name="user.country" value="IN"/>
    <property name="sun.boot.library.path" value="C:\Program Files\Java\jdk-18.0.1\bin"/>
    <property name="sun.java.command" value="C:\Users\virus1\AppData\Local\Temp\surefire6159531842950931368\surefirebooter-20250515180101011_3.jar C:\Users\virus1\AppData\Local\Temp\surefire6159531842950931368 2025-05-15T18-01-00_850-jvmRun1 surefire-20250515180101011_1tmp surefire_0-20250515180101011_2tmp"/>
    <property name="jdk.debug" value="release"/>
    <property name="surefire.test.class.path" value="D:\study\playwrightproj1\target\test-classes;D:\study\playwrightproj1\target\classes;C:\Users\virus1\.m2\repository\jakarta\mail\jakarta.mail-api\2.1.3\jakarta.mail-api-2.1.3.jar;C:\Users\virus1\.m2\repository\jakarta\activation\jakarta.activation-api\2.1.3\jakarta.activation-api-2.1.3.jar;C:\Users\virus1\.m2\repository\com\itextpdf\itextpdf\5.5.13.4\itextpdf-5.5.13.4.jar;C:\Users\virus1\.m2\repository\com\microsoft\playwright\playwright\1.48.0\playwright-1.48.0.jar;C:\Users\virus1\.m2\repository\com\google\code\gson\gson\2.11.0\gson-2.11.0.jar;C:\Users\virus1\.m2\repository\com\google\errorprone\error_prone_annotations\2.27.0\error_prone_annotations-2.27.0.jar;C:\Users\virus1\.m2\repository\org\opentest4j\opentest4j\1.3.0\opentest4j-1.3.0.jar;C:\Users\virus1\.m2\repository\com\microsoft\playwright\driver\1.48.0\driver-1.48.0.jar;C:\Users\virus1\.m2\repository\com\microsoft\playwright\driver-bundle\1.48.0\driver-bundle-1.48.0.jar;C:\Users\virus1\.m2\repository\org\apache\logging\log4j\log4j-core\2.17.1\log4j-core-2.17.1.jar;C:\Users\virus1\.m2\repository\org\apache\logging\log4j\log4j-api\2.17.1\log4j-api-2.17.1.jar;C:\Users\virus1\.m2\repository\com\fasterxml\jackson\core\jackson-databind\2.16.1\jackson-databind-2.16.1.jar;C:\Users\virus1\.m2\repository\com\fasterxml\jackson\core\jackson-annotations\2.16.1\jackson-annotations-2.16.1.jar;C:\Users\virus1\.m2\repository\com\fasterxml\jackson\core\jackson-core\2.16.1\jackson-core-2.16.1.jar;C:\Users\virus1\.m2\repository\com\fasterxml\jackson\dataformat\jackson-dataformat-yaml\2.16.1\jackson-dataformat-yaml-2.16.1.jar;C:\Users\virus1\.m2\repository\com\fasterxml\jackson\dataformat\jackson-dataformat-csv\2.16.1\jackson-dataformat-csv-2.16.1.jar;C:\Users\virus1\.m2\repository\org\projectlombok\lombok\1.18.36\lombok-1.18.36.jar;C:\Users\virus1\.m2\repository\org\testng\testng\7.11.0\testng-7.11.0.jar;C:\Users\virus1\.m2\repository\org\slf4j\slf4j-api\2.0.16\slf4j-api-2.0.16.jar;C:\Users\virus1\.m2\repository\org\jcommander\jcommander\1.83\jcommander-1.83.jar;C:\Users\virus1\.m2\repository\org\webjars\jquery\3.7.1\jquery-3.7.1.jar;C:\Users\virus1\.m2\repository\commons-io\commons-io\2.15.1\commons-io-2.15.1.jar;C:\Users\virus1\.m2\repository\org\yaml\snakeyaml\2.2\snakeyaml-2.2.jar;C:\Users\virus1\.m2\repository\io\qameta\allure\allure-testng\2.29.1\allure-testng-2.29.1.jar;C:\Users\virus1\.m2\repository\io\qameta\allure\allure-java-commons\2.29.1\allure-java-commons-2.29.1.jar;C:\Users\virus1\.m2\repository\io\qameta\allure\allure-model\2.29.1\allure-model-2.29.1.jar;C:\Users\virus1\.m2\repository\io\qameta\allure\allure-test-filter\2.29.1\allure-test-filter-2.29.1.jar;C:\Users\virus1\.m2\repository\org\aspectj\aspectjweaver\1.9.24\aspectjweaver-1.9.24.jar;"/>
    <property name="sun.cpu.endian" value="little"/>
    <property name="user.home" value="C:\Users\virus1"/>
    <property name="user.language" value="en"/>
    <property name="java.specification.vendor" value="Oracle Corporation"/>
    <property name="java.version.date" value="2022-04-19"/>
    <property name="java.home" value="C:\Program Files\Java\jdk-18.0.1"/>
    <property name="file.separator" value="\"/>
    <property name="basedir" value="D:\study\playwrightproj1"/>
    <property name="java.vm.compressedOopsMode" value="Zero based"/>
    <property name="line.separator" value="&#10;"/>
    <property name="java.vm.specification.vendor" value="Oracle Corporation"/>
    <property name="java.specification.name" value="Java Platform API Specification"/>
    <property name="surefire.real.class.path" value="C:\Users\virus1\AppData\Local\Temp\surefire6159531842950931368\surefirebooter-20250515180101011_3.jar"/>
    <property name="user.script" value=""/>
    <property name="sun.management.compiler" value="HotSpot 64-Bit Tiered Compilers"/>
    <property name="java.runtime.version" value="18.0.1+10-24"/>
    <property name="user.name" value="virus1"/>
    <property name="path.separator" value=";"/>
    <property name="os.version" value="10.0"/>
    <property name="java.runtime.name" value="Java(TM) SE Runtime Environment"/>
    <property name="file.encoding" value="UTF-8"/>
    <property name="java.vm.name" value="Java HotSpot(TM) 64-Bit Server VM"/>
    <property name="localRepository" value="C:\Users\virus1\.m2\repository"/>
    <property name="java.vendor.url.bug" value="https://bugreport.java.com/bugreport/"/>
    <property name="java.io.tmpdir" value="C:\Users\virus1\AppData\Local\Temp\"/>
    <property name="java.version" value="18.0.1"/>
    <property name="user.dir" value="D:\study\playwrightproj1"/>
    <property name="os.arch" value="amd64"/>
    <property name="java.vm.specification.name" value="Java Virtual Machine Specification"/>
    <property name="sun.os.patch.level" value=""/>
    <property name="native.encoding" value="Cp1252"/>
    <property name="java.library.path" value="C:\Program Files\Java\jdk-18.0.1\bin;C:\WINDOWS\Sun\Java\bin;C:\WINDOWS\system32;C:\WINDOWS;C:\Python39\Scripts\;C:\Python39\;C:\Program Files\Common Files\Oracle\Java\javapath;C:\WINDOWS\system32;C:\WINDOWS;C:\WINDOWS\System32\Wbem;C:\WINDOWS\System32\WindowsPowerShell\v1.0\;C:\WINDOWS\System32\OpenSSH\;C:\Program Files\Java\jdk-18.0.1\bin;D:\softwares\nodejs\;C:\ProgramData\chocolatey\bin;D:\softwares\android\androidsdk\tools;D:\softwares\android\androidsdk\platform-tools;D:\softwares\mongodb\v4.2.13\bin;D:\softwares\Git\cmd;D:\softwares\Network-Monitoring\;D:\softwares\apache-maven-3.8.4\bin;C:\Program Files\Docker\Docker\resources\bin;D:\softwares\allure-2.33.0\bin;C:\Program Files\dotnet\;C:\Users\virus1\AppData\Local\Microsoft\WindowsApps;D:\softwares\VSCode\bin;C:\Users\virus1\AppData\Roaming\npm;D:\softwares\testProject_agent;D:\softwares\fiddler;D:\softwares\scala\null\Coursier\data\bin;C:\Users\virus1\AppData\Local\Microsoft\WindowsApps;;D:\softwares\intellij\2022\bin;;C:\Users\virus1\.dotnet\tools;."/>
    <property name="java.vm.info" value="mixed mode, sharing"/>
    <property name="java.vendor" value="Oracle Corporation"/>
    <property name="java.vm.version" value="18.0.1+10-24"/>
    <property name="sun.io.unicode.encoding" value="UnicodeLittle"/>
    <property name="java.class.version" value="62.0"/>
  </properties>
  <testcase name="test2" classname="tests.uitests.Test_1" time="16.014">
    <system-out><![CDATA[Test Started: test2
Test Started: test1
Test Started: test3
Test Passed: test2
Test Passed: test1
]]></system-out>
    <system-err><![CDATA[SLF4J(W): No SLF4J providers were found.
SLF4J(W): Defaulting to no-operation (NOP) logger implementation
SLF4J(W): See https://www.slf4j.org/codes.html#noProviders for further details.
]]></system-err>
  </testcase>
  <testcase name="test1" classname="tests.uitests.Test_1" time="16.015"/>
  <testcase name="test3" classname="tests.uitests.Test_1" time="17.703">
    <system-out><![CDATA[Test Passed: test3
]]></system-out>
  </testcase>
</testsuite>